Begin
Find tcellbr from branches
Loading required package: permute
Loading required package: permute
Loading required package: permute
Loading required package: permute
Loading required package: permute
Loading required package: permute
Loading required package: permute
Loading required package: permute
Loading required package: permute
Loading required package: permute
Loading required package: permute
Loading required package: permute
Loading required package: permute
Loading required package: permute
Loading required package: permute
Loading required package: permute
Loading required package: permute
Loading required package: permute
Loading required package: permute
Loading required package: permute
This is vegan 2.0-8
This is vegan 2.0-8
This is vegan 2.0-8
This is vegan 2.0-8
This is vegan 2.0-8
This is vegan 2.0-8
This is vegan 2.0-8
This is vegan 2.0-8
This is vegan 2.0-8
This is vegan 2.0-8
This is vegan 2.0-8
This is vegan 2.0-8
This is vegan 2.0-8
This is vegan 2.0-8
This is vegan 2.0-8
This is vegan 2.0-8
This is vegan 2.0-8
This is vegan 2.0-8
This is vegan 2.0-8
This is vegan 2.0-8
End
